  [1m[35m (0.5ms)[0m  [1m[34mSELECT sqlite_version(*)[0m
  [1m[35m (121.5ms)[0m  [1m[35mCREATE TABLE "schema_migrations" ("version" varchar NOT NULL PRIMARY KEY)[0m
  [1m[35m (68.7ms)[0m  [1m[35mCREATE TABLE "ar_internal_metadata" ("key" varchar NOT NULL PRIMARY KEY, "value" varchar, "created_at" datetime NOT NULL, "updated_at" datetime NOT NULL)[0m
  [1m[35m (0.5ms)[0m  [1m[34mSELECT "schema_migrations"."version" FROM "schema_migrations" ORDER BY "schema_migrations"."version" ASC[0m
Migrating to DeviseCreateUsers (20180112115419)
  [1m[35m (0.0ms)[0m  [1m[36mbegin transaction[0m
  [1m[35m (1.4ms)[0m  [1m[35mCREATE TABLE "users" ("id" INTEGER PRIMARY KEY AUTOINCREMENT NOT NULL, "email" varchar DEFAULT '' NOT NULL, "encrypted_password" varchar DEFAULT '' NOT NULL, "reset_password_token" varchar, "reset_password_sent_at" datetime, "remember_created_at" datetime, "sign_in_count" integer DEFAULT 0 NOT NULL, "current_sign_in_at" datetime, "last_sign_in_at" datetime, "current_sign_in_ip" varchar, "last_sign_in_ip" varchar, "created_at" datetime NOT NULL, "updated_at" datetime NOT NULL)[0m
  [1m[35m (1.0ms)[0m  [1m[35mCREATE UNIQUE INDEX "index_users_on_email" ON "users" ("email")[0m
  [1m[35m (0.0ms)[0m  [1m[34m            SELECT sql
            FROM sqlite_master
            WHERE name='index_users_on_email' AND type='index'
            UNION ALL
            SELECT sql
            FROM sqlite_temp_master
            WHERE name='index_users_on_email' AND type='index'
[0m
  [1m[35m (0.0ms)[0m  [1m[35mCREATE UNIQUE INDEX "index_users_on_reset_password_token" ON "users" ("reset_password_token")[0m
  [1m[35mSQL (0.0ms)[0m  [1m[32mINSERT INTO "schema_migrations" ("version") VALUES (?)[0m  [["version", "20180112115419"]]
  [1m[35m (71.1ms)[0m  [1m[36mcommit transaction[0m
  [1m[36mActiveRecord::InternalMetadata Load (0.5ms)[0m  [1m[34mSELECT  "ar_internal_metadata".* FROM "ar_internal_metadata" WHERE "ar_internal_metadata"."key" = ? LIMIT ?[0m  [["key", "environment"], ["LIMIT", 1]]
  [1m[35m (0.0ms)[0m  [1m[36mbegin transaction[0m
  [1m[35mSQL (4.5ms)[0m  [1m[32mINSERT INTO "ar_internal_metadata" ("key", "value", "created_at", "updated_at") VALUES (?, ?, ?, ?)[0m  [["key", "environment"], ["value", "development"], ["created_at", "2018-01-12 11:56:54.986171"], ["updated_at", "2018-01-12 11:56:54.986171"]]
  [1m[35m (65.2ms)[0m  [1m[36mcommit transaction[0m
  [1m[35m (0.0ms)[0m  [1m[34mSELECT "schema_migrations"."version" FROM "schema_migrations" ORDER BY "schema_migrations"."version" ASC[0m
  [1m[35m (0.5ms)[0m  [1m[34m            SELECT sql
            FROM sqlite_master
            WHERE name='index_users_on_reset_password_token' AND type='index'
            UNION ALL
            SELECT sql
            FROM sqlite_temp_master
            WHERE name='index_users_on_reset_password_token' AND type='index'
[0m
  [1m[35m (0.5ms)[0m  [1m[34m            SELECT sql
            FROM sqlite_master
            WHERE name='index_users_on_email' AND type='index'
            UNION ALL
            SELECT sql
            FROM sqlite_temp_master
            WHERE name='index_users_on_email' AND type='index'
[0m
Started GET "/" for 127.0.0.1 at 2018-01-12 13:01:42 +0100
  [1m[35m (0.0ms)[0m  [1m[34mSELECT "schema_migrations"."version" FROM "schema_migrations" ORDER BY "schema_migrations"."version" ASC[0m
Processing by Rails::WelcomeController#index as HTML
  Rendering vendor/cache/gems/railties-5.1.4/lib/rails/templates/rails/welcome/index.html.erb
  Rendered vendor/cache/gems/railties-5.1.4/lib/rails/templates/rails/welcome/index.html.erb (16.1ms)
Completed 200 OK in 178ms (Views: 108.6ms | ActiveRecord: 0.0ms)


Started GET "/favicon.ico" for 127.0.0.1 at 2018-01-12 13:01:43 +0100
  
ActionController::RoutingError (No route matches [GET] "/favicon.ico"):
  
vendor/cache/gems/actionpack-5.1.4/lib/action_dispatch/middleware/debug_exceptions.rb:63:in `call'
vendor/cache/gems/actionpack-5.1.4/lib/action_dispatch/middleware/show_exceptions.rb:31:in `call'
vendor/cache/gems/railties-5.1.4/lib/rails/rack/logger.rb:36:in `call_app'
vendor/cache/gems/railties-5.1.4/lib/rails/rack/logger.rb:24:in `block in call'
vendor/cache/gems/activesupport-5.1.4/lib/active_support/tagged_logging.rb:69:in `block in tagged'
vendor/cache/gems/activesupport-5.1.4/lib/active_support/tagged_logging.rb:26:in `tagged'
vendor/cache/gems/activesupport-5.1.4/lib/active_support/tagged_logging.rb:69:in `tagged'
vendor/cache/gems/railties-5.1.4/lib/rails/rack/logger.rb:24:in `call'
vendor/cache/gems/actionpack-5.1.4/lib/action_dispatch/middleware/remote_ip.rb:79:in `call'
vendor/cache/gems/actionpack-5.1.4/lib/action_dispatch/middleware/request_id.rb:25:in `call'
vendor/cache/gems/rack-2.0.3/lib/rack/runtime.rb:22:in `call'
vendor/cache/gems/activesupport-5.1.4/lib/active_support/cache/strategy/local_cache_middleware.rb:27:in `call'
vendor/cache/gems/actionpack-5.1.4/lib/action_dispatch/middleware/executor.rb:12:in `call'
vendor/cache/gems/actionpack-5.1.4/lib/action_dispatch/middleware/static.rb:125:in `call'
vendor/cache/gems/rack-2.0.3/lib/rack/sendfile.rb:111:in `call'
vendor/cache/gems/railties-5.1.4/lib/rails/engine.rb:522:in `call'
vendor/cache/gems/puma-3.11.0/lib/puma/configuration.rb:225:in `call'
vendor/cache/gems/puma-3.11.0/lib/puma/server.rb:624:in `handle_request'
vendor/cache/gems/puma-3.11.0/lib/puma/server.rb:438:in `process_client'
vendor/cache/gems/puma-3.11.0/lib/puma/server.rb:302:in `block in run'
vendor/cache/gems/puma-3.11.0/lib/puma/thread_pool.rb:120:in `block in spawn_thread'
Started POST "/users/sign_up?email=toto@toto.fr&password=[FILTERED]" for 127.0.0.1 at 2018-01-12 13:01:49 +0100
  
ActionController::RoutingError (No route matches [POST] "/users/sign_up"):
  
vendor/cache/gems/actionpack-5.1.4/lib/action_dispatch/middleware/debug_exceptions.rb:63:in `call'
vendor/cache/gems/actionpack-5.1.4/lib/action_dispatch/middleware/show_exceptions.rb:31:in `call'
vendor/cache/gems/railties-5.1.4/lib/rails/rack/logger.rb:36:in `call_app'
vendor/cache/gems/railties-5.1.4/lib/rails/rack/logger.rb:24:in `block in call'
vendor/cache/gems/activesupport-5.1.4/lib/active_support/tagged_logging.rb:69:in `block in tagged'
vendor/cache/gems/activesupport-5.1.4/lib/active_support/tagged_logging.rb:26:in `tagged'
vendor/cache/gems/activesupport-5.1.4/lib/active_support/tagged_logging.rb:69:in `tagged'
vendor/cache/gems/railties-5.1.4/lib/rails/rack/logger.rb:24:in `call'
vendor/cache/gems/actionpack-5.1.4/lib/action_dispatch/middleware/remote_ip.rb:79:in `call'
vendor/cache/gems/actionpack-5.1.4/lib/action_dispatch/middleware/request_id.rb:25:in `call'
vendor/cache/gems/rack-2.0.3/lib/rack/runtime.rb:22:in `call'
vendor/cache/gems/activesupport-5.1.4/lib/active_support/cache/strategy/local_cache_middleware.rb:27:in `call'
vendor/cache/gems/actionpack-5.1.4/lib/action_dispatch/middleware/executor.rb:12:in `call'
vendor/cache/gems/actionpack-5.1.4/lib/action_dispatch/middleware/static.rb:125:in `call'
vendor/cache/gems/rack-2.0.3/lib/rack/sendfile.rb:111:in `call'
vendor/cache/gems/railties-5.1.4/lib/rails/engine.rb:522:in `call'
vendor/cache/gems/puma-3.11.0/lib/puma/configuration.rb:225:in `call'
vendor/cache/gems/puma-3.11.0/lib/puma/server.rb:624:in `handle_request'
vendor/cache/gems/puma-3.11.0/lib/puma/server.rb:438:in `process_client'
vendor/cache/gems/puma-3.11.0/lib/puma/server.rb:302:in `block in run'
vendor/cache/gems/puma-3.11.0/lib/puma/thread_pool.rb:120:in `block in spawn_thread'
Started GET "/" for 127.0.0.1 at 2018-01-12 13:07:43 +0100
  [1m[35m (0.0ms)[0m  [1m[34mSELECT "schema_migrations"."version" FROM "schema_migrations" ORDER BY "schema_migrations"."version" ASC[0m
Processing by Rails::WelcomeController#index as HTML
  Rendering vendor/cache/gems/railties-5.1.4/lib/rails/templates/rails/welcome/index.html.erb
  Rendered vendor/cache/gems/railties-5.1.4/lib/rails/templates/rails/welcome/index.html.erb (4.0ms)
Completed 200 OK in 77ms (Views: 42.7ms | ActiveRecord: 0.0ms)


Started GET "/users/sign_in" for 127.0.0.1 at 2018-01-12 13:07:50 +0100
Processing by Devise::SessionsController#new as HTML
Completed 200 OK in 49ms (Views: 0.2ms | ActiveRecord: 1.0ms)


Started GET "/users/sign_up" for 127.0.0.1 at 2018-01-12 13:07:57 +0100
Processing by Devise::RegistrationsController#new as HTML
Completed 200 OK in 0ms (Views: 0.1ms | ActiveRecord: 0.0ms)


Started GET "/" for 127.0.0.1 at 2018-01-12 13:08:59 +0100
Processing by Rails::WelcomeController#index as HTML
  Rendering vendor/cache/gems/railties-5.1.4/lib/rails/templates/rails/welcome/index.html.erb
  Rendered vendor/cache/gems/railties-5.1.4/lib/rails/templates/rails/welcome/index.html.erb (2.0ms)
Completed 200 OK in 73ms (Views: 37.5ms | ActiveRecord: 0.0ms)


Started GET "/users" for 127.0.0.1 at 2018-01-12 13:09:03 +0100
  
ActionController::RoutingError (No route matches [GET] "/users"):
  
vendor/cache/gems/actionpack-5.1.4/lib/action_dispatch/middleware/debug_exceptions.rb:63:in `call'
vendor/cache/gems/actionpack-5.1.4/lib/action_dispatch/middleware/show_exceptions.rb:31:in `call'
vendor/cache/gems/railties-5.1.4/lib/rails/rack/logger.rb:36:in `call_app'
vendor/cache/gems/railties-5.1.4/lib/rails/rack/logger.rb:24:in `block in call'
vendor/cache/gems/activesupport-5.1.4/lib/active_support/tagged_logging.rb:69:in `block in tagged'
vendor/cache/gems/activesupport-5.1.4/lib/active_support/tagged_logging.rb:26:in `tagged'
vendor/cache/gems/activesupport-5.1.4/lib/active_support/tagged_logging.rb:69:in `tagged'
vendor/cache/gems/railties-5.1.4/lib/rails/rack/logger.rb:24:in `call'
vendor/cache/gems/actionpack-5.1.4/lib/action_dispatch/middleware/remote_ip.rb:79:in `call'
vendor/cache/gems/actionpack-5.1.4/lib/action_dispatch/middleware/request_id.rb:25:in `call'
vendor/cache/gems/rack-2.0.3/lib/rack/runtime.rb:22:in `call'
vendor/cache/gems/activesupport-5.1.4/lib/active_support/cache/strategy/local_cache_middleware.rb:27:in `call'
vendor/cache/gems/actionpack-5.1.4/lib/action_dispatch/middleware/executor.rb:12:in `call'
vendor/cache/gems/actionpack-5.1.4/lib/action_dispatch/middleware/static.rb:125:in `call'
vendor/cache/gems/rack-2.0.3/lib/rack/sendfile.rb:111:in `call'
vendor/cache/gems/railties-5.1.4/lib/rails/engine.rb:522:in `call'
vendor/cache/gems/puma-3.11.0/lib/puma/configuration.rb:225:in `call'
vendor/cache/gems/puma-3.11.0/lib/puma/server.rb:624:in `handle_request'
vendor/cache/gems/puma-3.11.0/lib/puma/server.rb:438:in `process_client'
vendor/cache/gems/puma-3.11.0/lib/puma/server.rb:302:in `block in run'
vendor/cache/gems/puma-3.11.0/lib/puma/thread_pool.rb:120:in `block in spawn_thread'
Started GET "/users/sign_in" for 127.0.0.1 at 2018-01-12 13:09:15 +0100
Processing by Devise::SessionsController#new as HTML
Completed 200 OK in 1ms (Views: 0.1ms | ActiveRecord: 0.0ms)


Started GET "/" for 127.0.0.1 at 2018-01-12 13:11:34 +0100
  [1m[35m (1.0ms)[0m  [1m[34mSELECT "schema_migrations"."version" FROM "schema_migrations" ORDER BY "schema_migrations"."version" ASC[0m
  
ActionController::RoutingError (uninitialized constant HomeController):
  
vendor/cache/gems/activesupport-5.1.4/lib/active_support/inflector/methods.rb:269:in `const_get'
vendor/cache/gems/activesupport-5.1.4/lib/active_support/inflector/methods.rb:269:in `block in constantize'
vendor/cache/gems/activesupport-5.1.4/lib/active_support/inflector/methods.rb:267:in `each'
vendor/cache/gems/activesupport-5.1.4/lib/active_support/inflector/methods.rb:267:in `inject'
vendor/cache/gems/activesupport-5.1.4/lib/active_support/inflector/methods.rb:267:in `constantize'
vendor/cache/gems/actionpack-5.1.4/lib/action_dispatch/http/request.rb:85:in `controller_class_for'
vendor/cache/gems/actionpack-5.1.4/lib/action_dispatch/http/request.rb:78:in `controller_class'
vendor/cache/gems/actionpack-5.1.4/lib/action_dispatch/routing/route_set.rb:43:in `controller'
vendor/cache/gems/actionpack-5.1.4/lib/action_dispatch/routing/route_set.rb:29:in `serve'
vendor/cache/gems/actionpack-5.1.4/lib/action_dispatch/journey/router.rb:50:in `block in serve'
vendor/cache/gems/actionpack-5.1.4/lib/action_dispatch/journey/router.rb:33:in `each'
vendor/cache/gems/actionpack-5.1.4/lib/action_dispatch/journey/router.rb:33:in `serve'
vendor/cache/gems/actionpack-5.1.4/lib/action_dispatch/routing/route_set.rb:834:in `call'
vendor/cache/gems/warden-1.2.7/lib/warden/manager.rb:36:in `block in call'
vendor/cache/gems/warden-1.2.7/lib/warden/manager.rb:35:in `catch'
vendor/cache/gems/warden-1.2.7/lib/warden/manager.rb:35:in `call'
vendor/cache/gems/rack-2.0.3/lib/rack/etag.rb:25:in `call'
vendor/cache/gems/rack-2.0.3/lib/rack/conditional_get.rb:25:in `call'
vendor/cache/gems/rack-2.0.3/lib/rack/head.rb:12:in `call'
vendor/cache/gems/activerecord-5.1.4/lib/active_record/migration.rb:556:in `call'
vendor/cache/gems/actionpack-5.1.4/lib/action_dispatch/middleware/callbacks.rb:26:in `block in call'
vendor/cache/gems/activesupport-5.1.4/lib/active_support/callbacks.rb:97:in `run_callbacks'
vendor/cache/gems/actionpack-5.1.4/lib/action_dispatch/middleware/callbacks.rb:24:in `call'
vendor/cache/gems/actionpack-5.1.4/lib/action_dispatch/middleware/executor.rb:12:in `call'
vendor/cache/gems/actionpack-5.1.4/lib/action_dispatch/middleware/debug_exceptions.rb:59:in `call'
vendor/cache/gems/actionpack-5.1.4/lib/action_dispatch/middleware/show_exceptions.rb:31:in `call'
vendor/cache/gems/railties-5.1.4/lib/rails/rack/logger.rb:36:in `call_app'
vendor/cache/gems/railties-5.1.4/lib/rails/rack/logger.rb:24:in `block in call'
vendor/cache/gems/activesupport-5.1.4/lib/active_support/tagged_logging.rb:69:in `block in tagged'
vendor/cache/gems/activesupport-5.1.4/lib/active_support/tagged_logging.rb:26:in `tagged'
vendor/cache/gems/activesupport-5.1.4/lib/active_support/tagged_logging.rb:69:in `tagged'
vendor/cache/gems/railties-5.1.4/lib/rails/rack/logger.rb:24:in `call'
vendor/cache/gems/actionpack-5.1.4/lib/action_dispatch/middleware/remote_ip.rb:79:in `call'
vendor/cache/gems/actionpack-5.1.4/lib/action_dispatch/middleware/request_id.rb:25:in `call'
vendor/cache/gems/rack-2.0.3/lib/rack/runtime.rb:22:in `call'
vendor/cache/gems/activesupport-5.1.4/lib/active_support/cache/strategy/local_cache_middleware.rb:27:in `call'
vendor/cache/gems/actionpack-5.1.4/lib/action_dispatch/middleware/executor.rb:12:in `call'
vendor/cache/gems/actionpack-5.1.4/lib/action_dispatch/middleware/static.rb:125:in `call'
vendor/cache/gems/rack-2.0.3/lib/rack/sendfile.rb:111:in `call'
vendor/cache/gems/railties-5.1.4/lib/rails/engine.rb:522:in `call'
vendor/cache/gems/puma-3.11.0/lib/puma/configuration.rb:225:in `call'
vendor/cache/gems/puma-3.11.0/lib/puma/server.rb:624:in `handle_request'
vendor/cache/gems/puma-3.11.0/lib/puma/server.rb:438:in `process_client'
vendor/cache/gems/puma-3.11.0/lib/puma/server.rb:302:in `block in run'
vendor/cache/gems/puma-3.11.0/lib/puma/thread_pool.rb:120:in `block in spawn_thread'
Started GET "/home" for 127.0.0.1 at 2018-01-12 13:11:42 +0100
  
ActionController::RoutingError (No route matches [GET] "/home"):
  
vendor/cache/gems/actionpack-5.1.4/lib/action_dispatch/middleware/debug_exceptions.rb:63:in `call'
vendor/cache/gems/actionpack-5.1.4/lib/action_dispatch/middleware/show_exceptions.rb:31:in `call'
vendor/cache/gems/railties-5.1.4/lib/rails/rack/logger.rb:36:in `call_app'
vendor/cache/gems/railties-5.1.4/lib/rails/rack/logger.rb:24:in `block in call'
vendor/cache/gems/activesupport-5.1.4/lib/active_support/tagged_logging.rb:69:in `block in tagged'
vendor/cache/gems/activesupport-5.1.4/lib/active_support/tagged_logging.rb:26:in `tagged'
vendor/cache/gems/activesupport-5.1.4/lib/active_support/tagged_logging.rb:69:in `tagged'
vendor/cache/gems/railties-5.1.4/lib/rails/rack/logger.rb:24:in `call'
vendor/cache/gems/actionpack-5.1.4/lib/action_dispatch/middleware/remote_ip.rb:79:in `call'
vendor/cache/gems/actionpack-5.1.4/lib/action_dispatch/middleware/request_id.rb:25:in `call'
vendor/cache/gems/rack-2.0.3/lib/rack/runtime.rb:22:in `call'
vendor/cache/gems/activesupport-5.1.4/lib/active_support/cache/strategy/local_cache_middleware.rb:27:in `call'
vendor/cache/gems/actionpack-5.1.4/lib/action_dispatch/middleware/executor.rb:12:in `call'
vendor/cache/gems/actionpack-5.1.4/lib/action_dispatch/middleware/static.rb:125:in `call'
vendor/cache/gems/rack-2.0.3/lib/rack/sendfile.rb:111:in `call'
vendor/cache/gems/railties-5.1.4/lib/rails/engine.rb:522:in `call'
vendor/cache/gems/puma-3.11.0/lib/puma/configuration.rb:225:in `call'
vendor/cache/gems/puma-3.11.0/lib/puma/server.rb:624:in `handle_request'
vendor/cache/gems/puma-3.11.0/lib/puma/server.rb:438:in `process_client'
vendor/cache/gems/puma-3.11.0/lib/puma/server.rb:302:in `block in run'
vendor/cache/gems/puma-3.11.0/lib/puma/thread_pool.rb:120:in `block in spawn_thread'
Started GET "/users/sign_in" for 127.0.0.1 at 2018-01-12 13:11:48 +0100
Processing by Devise::SessionsController#new as HTML
Completed 200 OK in 14ms (Views: 0.1ms | ActiveRecord: 1.0ms)


Started GET "/" for 127.0.0.1 at 2018-01-12 13:33:24 +0100
  [1m[35m (0.0ms)[0m  [1m[34mSELECT "schema_migrations"."version" FROM "schema_migrations" ORDER BY "schema_migrations"."version" ASC[0m
Processing by Rails::WelcomeController#index as HTML
  Rendering vendor/cache/gems/railties-5.1.4/lib/rails/templates/rails/welcome/index.html.erb
  Rendered vendor/cache/gems/railties-5.1.4/lib/rails/templates/rails/welcome/index.html.erb (4.0ms)
Completed 200 OK in 73ms (Views: 41.4ms | ActiveRecord: 0.0ms)


Started POST "/session?email=toto@toto.fr&password=[FILTERED]" for 127.0.0.1 at 2018-01-12 13:33:37 +0100
Processing by SessionController#create as */*
  Parameters: {"email"=>"toto@toto.fr", "password"=>"[FILTERED]"}
Completed 204 No Content in 0ms (ActiveRecord: 0.0ms)


Started POST "/session?email=toto@toto.fr&password=[FILTERED]" for 127.0.0.1 at 2018-01-12 13:39:13 +0100
  [1m[35m (0.0ms)[0m  [1m[34mSELECT "schema_migrations"."version" FROM "schema_migrations" ORDER BY "schema_migrations"."version" ASC[0m
Processing by SessionController#create as */*
  Parameters: {"email"=>"toto@toto.fr", "password"=>"[FILTERED]"}
  [1m[36mUser Load (0.0ms)[0m  [1m[34mSELECT  "users".* FROM "users" WHERE "users"."email" = ? ORDER BY "users"."id" ASC LIMIT ?[0m  [["email", "toto@toto.fr"], ["LIMIT", 1]]
Completed 401 Unauthorized in 0ms (ActiveRecord: 0.0ms)


  
NoMethodError (undefined method `valid_password?' for nil:NilClass):
  
app/controllers/session_controller.rb:5:in `create'
  [1m[35m (0.0ms)[0m  [1m[36mbegin transaction[0m
  [1m[36mUser Exists (0.0ms)[0m  [1m[34mSELECT  1 AS one FROM "users" WHERE "users"."email" = ? LIMIT ?[0m  [["email", "test@test.fr"], ["LIMIT", 1]]
  [1m[35mSQL (0.0ms)[0m  [1m[32mINSERT INTO "users" ("email", "encrypted_password", "created_at", "updated_at") VALUES (?, ?, ?, ?)[0m  [["email", "test@test.fr"], ["encrypted_password", "$2a$11$fNTF.Q9wA0Q.mMO0NDf4PexMD6RYa4m5L/hGYKLgMW4Kr99FJhd/a"], ["created_at", "2018-01-12 13:22:50.480819"], ["updated_at", "2018-01-12 13:22:50.480819"]]
  [1m[35m (140.7ms)[0m  [1m[36mcommit transaction[0m
  [1m[36mUser Load (0.0ms)[0m  [1m[34mSELECT  "users".* FROM "users" ORDER BY "users"."id" ASC LIMIT ?[0m  [["LIMIT", 1]]
Started GET "/" for 127.0.0.1 at 2018-01-12 14:31:16 +0100
  [1m[35m (1.0ms)[0m  [1m[34mSELECT "schema_migrations"."version" FROM "schema_migrations" ORDER BY "schema_migrations"."version" ASC[0m
Processing by Rails::WelcomeController#index as HTML
  Rendering vendor/cache/gems/railties-5.1.4/lib/rails/templates/rails/welcome/index.html.erb
  Rendered vendor/cache/gems/railties-5.1.4/lib/rails/templates/rails/welcome/index.html.erb (3.0ms)
Completed 200 OK in 75ms (Views: 41.2ms | ActiveRecord: 0.0ms)


Started POST "/session?email=toto@toto.fr&password=[FILTERED]" for 127.0.0.1 at 2018-01-12 14:31:30 +0100
Processing by SessionController#create as */*
  Parameters: {"email"=>"toto@toto.fr", "password"=>"[FILTERED]"}
  [1m[36mUser Load (0.0ms)[0m  [1m[34mSELECT  "users".* FROM "users" WHERE "users"."email" = ? ORDER BY "users"."id" ASC LIMIT ?[0m  [["email", "toto@toto.fr"], ["LIMIT", 1]]
Completed 401 Unauthorized in 16ms (ActiveRecord: 0.0ms)


  
NoMethodError (undefined method `valid_password?' for nil:NilClass):
  
app/controllers/session_controller.rb:5:in `create'
Started POST "/session?email=toto@toto.fr&password=[FILTERED]" for 127.0.0.1 at 2018-01-12 14:33:17 +0100
Processing by SessionController#create as */*
  Parameters: {"email"=>"toto@toto.fr", "password"=>"[FILTERED]"}
  [1m[36mUser Load (0.0ms)[0m  [1m[34mSELECT  "users".* FROM "users" WHERE "users"."email" = ? ORDER BY "users"."id" ASC LIMIT ?[0m  [["email", "toto@toto.fr"], ["LIMIT", 1]]
Completed 401 Unauthorized in 16ms (ActiveRecord: 15.6ms)


Started POST "/session?email=tata@toto.fr&password=[FILTERED]" for 127.0.0.1 at 2018-01-12 14:34:05 +0100
Processing by SessionController#create as */*
  Parameters: {"email"=>"tata@toto.fr", "password"=>"[FILTERED]"}
  [1m[36mUser Load (0.0ms)[0m  [1m[34mSELECT  "users".* FROM "users" WHERE "users"."email" = ? ORDER BY "users"."id" ASC LIMIT ?[0m  [["email", "tata@toto.fr"], ["LIMIT", 1]]
Completed 401 Unauthorized in 0ms (ActiveRecord: 0.0ms)


Started POST "/users/sign_up?email=tata@toto.fr&password=[FILTERED]" for 127.0.0.1 at 2018-01-12 14:36:35 +0100
  
ActionController::RoutingError (No route matches [POST] "/users/sign_up"):
  
vendor/cache/gems/actionpack-5.1.4/lib/action_dispatch/middleware/debug_exceptions.rb:63:in `call'
vendor/cache/gems/actionpack-5.1.4/lib/action_dispatch/middleware/show_exceptions.rb:31:in `call'
vendor/cache/gems/railties-5.1.4/lib/rails/rack/logger.rb:36:in `call_app'
vendor/cache/gems/railties-5.1.4/lib/rails/rack/logger.rb:24:in `block in call'
vendor/cache/gems/activesupport-5.1.4/lib/active_support/tagged_logging.rb:69:in `block in tagged'
vendor/cache/gems/activesupport-5.1.4/lib/active_support/tagged_logging.rb:26:in `tagged'
vendor/cache/gems/activesupport-5.1.4/lib/active_support/tagged_logging.rb:69:in `tagged'
vendor/cache/gems/railties-5.1.4/lib/rails/rack/logger.rb:24:in `call'
vendor/cache/gems/actionpack-5.1.4/lib/action_dispatch/middleware/remote_ip.rb:79:in `call'
vendor/cache/gems/actionpack-5.1.4/lib/action_dispatch/middleware/request_id.rb:25:in `call'
vendor/cache/gems/rack-2.0.3/lib/rack/runtime.rb:22:in `call'
vendor/cache/gems/activesupport-5.1.4/lib/active_support/cache/strategy/local_cache_middleware.rb:27:in `call'
vendor/cache/gems/actionpack-5.1.4/lib/action_dispatch/middleware/executor.rb:12:in `call'
vendor/cache/gems/actionpack-5.1.4/lib/action_dispatch/middleware/static.rb:125:in `call'
vendor/cache/gems/rack-2.0.3/lib/rack/sendfile.rb:111:in `call'
vendor/cache/gems/railties-5.1.4/lib/rails/engine.rb:522:in `call'
vendor/cache/gems/puma-3.11.0/lib/puma/configuration.rb:225:in `call'
vendor/cache/gems/puma-3.11.0/lib/puma/server.rb:624:in `handle_request'
vendor/cache/gems/puma-3.11.0/lib/puma/server.rb:438:in `process_client'
vendor/cache/gems/puma-3.11.0/lib/puma/server.rb:302:in `block in run'
vendor/cache/gems/puma-3.11.0/lib/puma/thread_pool.rb:120:in `block in spawn_thread'
Started POST "/session?email=tata@toto.fr&password=[FILTERED]" for 127.0.0.1 at 2018-01-12 14:36:56 +0100
Processing by SessionController#create as */*
  Parameters: {"email"=>"tata@toto.fr", "password"=>"[FILTERED]"}
  [1m[36mUser Load (0.0ms)[0m  [1m[34mSELECT  "users".* FROM "users" WHERE "users"."email" = ? ORDER BY "users"."id" ASC LIMIT ?[0m  [["email", "tata@toto.fr"], ["LIMIT", 1]]
Completed 401 Unauthorized in 0ms (ActiveRecord: 0.0ms)


Started POST "/session?email=tata@toto.fr&password=[FILTERED]" for 127.0.0.1 at 2018-01-12 14:37:41 +0100
Processing by SessionController#create as */*
  Parameters: {"email"=>"tata@toto.fr", "password"=>"[FILTERED]"}
  [1m[36mUser Load (0.0ms)[0m  [1m[34mSELECT  "users".* FROM "users" WHERE "users"."email" = ? ORDER BY "users"."id" ASC LIMIT ?[0m  [["email", "tata@toto.fr"], ["LIMIT", 1]]
Completed 401 Unauthorized in 2ms (ActiveRecord: 1.1ms)


Started POST "/session?email=tata@toto.fr&password=[FILTERED]" for 127.0.0.1 at 2018-01-12 14:38:35 +0100
Processing by SessionController#create as */*
  Parameters: {"email"=>"tata@toto.fr", "password"=>"[FILTERED]"}
  [1m[36mUser Load (0.0ms)[0m  [1m[34mSELECT  "users".* FROM "users" WHERE "users"."email" = ? ORDER BY "users"."id" ASC LIMIT ?[0m  [["email", "tata@toto.fr"], ["LIMIT", 1]]
Completed 200 OK in 16ms (Views: 0.2ms | ActiveRecord: 0.0ms)


Started POST "/session?email=tata@toto.fr&password=[FILTERED]" for 127.0.0.1 at 2018-01-12 14:38:45 +0100
Processing by SessionController#create as */*
  Parameters: {"email"=>"tata@toto.fr", "password"=>"[FILTERED]"}
  [1m[36mUser Load (0.0ms)[0m  [1m[34mSELECT  "users".* FROM "users" WHERE "users"."email" = ? ORDER BY "users"."id" ASC LIMIT ?[0m  [["email", "tata@toto.fr"], ["LIMIT", 1]]
Completed 200 OK in 0ms (Views: 0.1ms | ActiveRecord: 0.0ms)


Started POST "/session?email=test@test.fr&password=[FILTERED]" for 127.0.0.1 at 2018-01-12 14:41:22 +0100
Processing by SessionController#create as */*
  Parameters: {"email"=>"test@test.fr", "password"=>"[FILTERED]"}
  [1m[36mUser Load (0.0ms)[0m  [1m[34mSELECT  "users".* FROM "users" WHERE "users"."email" = ? ORDER BY "users"."id" ASC LIMIT ?[0m  [["email", "test@test.fr"], ["LIMIT", 1]]
Completed 201 Created in 155ms (Views: 0.2ms | ActiveRecord: 0.0ms)


Started POST "/registration?email=zz@zz.fr&password=[FILTERED]" for 127.0.0.1 at 2018-01-12 14:50:33 +0100
  
LoadError (Unable to autoload constant RegistrationController, expected C:/Users/veaua/RubymineProjects/ProjetP2Ruby/app/controllers/registration_controller.rb to define it):
  
vendor/cache/gems/activesupport-5.1.4/lib/active_support/dependencies.rb:511:in `load_missing_constant'
vendor/cache/gems/activesupport-5.1.4/lib/active_support/dependencies.rb:202:in `const_missing'
vendor/cache/gems/activesupport-5.1.4/lib/active_support/inflector/methods.rb:269:in `const_get'
vendor/cache/gems/activesupport-5.1.4/lib/active_support/inflector/methods.rb:269:in `block in constantize'
vendor/cache/gems/activesupport-5.1.4/lib/active_support/inflector/methods.rb:267:in `each'
vendor/cache/gems/activesupport-5.1.4/lib/active_support/inflector/methods.rb:267:in `inject'
vendor/cache/gems/activesupport-5.1.4/lib/active_support/inflector/methods.rb:267:in `constantize'
vendor/cache/gems/activesupport-5.1.4/lib/active_support/dependencies.rb:582:in `get'
vendor/cache/gems/activesupport-5.1.4/lib/active_support/dependencies.rb:613:in `constantize'
vendor/cache/gems/actionpack-5.1.4/lib/action_dispatch/http/request.rb:85:in `controller_class_for'
vendor/cache/gems/actionpack-5.1.4/lib/action_dispatch/http/parameters.rb:99:in `binary_params_for?'
vendor/cache/gems/actionpack-5.1.4/lib/action_dispatch/http/parameters.rb:90:in `set_binary_encoding'
vendor/cache/gems/actionpack-5.1.4/lib/action_dispatch/http/parameters.rb:67:in `path_parameters='
vendor/cache/gems/actionpack-5.1.4/lib/action_dispatch/journey/router.rb:48:in `block in serve'
vendor/cache/gems/actionpack-5.1.4/lib/action_dispatch/journey/router.rb:33:in `each'
vendor/cache/gems/actionpack-5.1.4/lib/action_dispatch/journey/router.rb:33:in `serve'
vendor/cache/gems/actionpack-5.1.4/lib/action_dispatch/routing/route_set.rb:834:in `call'
vendor/cache/gems/warden-1.2.7/lib/warden/manager.rb:36:in `block in call'
vendor/cache/gems/warden-1.2.7/lib/warden/manager.rb:35:in `catch'
vendor/cache/gems/warden-1.2.7/lib/warden/manager.rb:35:in `call'
vendor/cache/gems/rack-2.0.3/lib/rack/etag.rb:25:in `call'
vendor/cache/gems/rack-2.0.3/lib/rack/conditional_get.rb:38:in `call'
vendor/cache/gems/rack-2.0.3/lib/rack/head.rb:12:in `call'
vendor/cache/gems/activerecord-5.1.4/lib/active_record/migration.rb:556:in `call'
vendor/cache/gems/actionpack-5.1.4/lib/action_dispatch/middleware/callbacks.rb:26:in `block in call'
vendor/cache/gems/activesupport-5.1.4/lib/active_support/callbacks.rb:97:in `run_callbacks'
vendor/cache/gems/actionpack-5.1.4/lib/action_dispatch/middleware/callbacks.rb:24:in `call'
vendor/cache/gems/actionpack-5.1.4/lib/action_dispatch/middleware/executor.rb:12:in `call'
vendor/cache/gems/actionpack-5.1.4/lib/action_dispatch/middleware/debug_exceptions.rb:59:in `call'
vendor/cache/gems/actionpack-5.1.4/lib/action_dispatch/middleware/show_exceptions.rb:31:in `call'
vendor/cache/gems/railties-5.1.4/lib/rails/rack/logger.rb:36:in `call_app'
vendor/cache/gems/railties-5.1.4/lib/rails/rack/logger.rb:24:in `block in call'
vendor/cache/gems/activesupport-5.1.4/lib/active_support/tagged_logging.rb:69:in `block in tagged'
vendor/cache/gems/activesupport-5.1.4/lib/active_support/tagged_logging.rb:26:in `tagged'
vendor/cache/gems/activesupport-5.1.4/lib/active_support/tagged_logging.rb:69:in `tagged'
vendor/cache/gems/railties-5.1.4/lib/rails/rack/logger.rb:24:in `call'
vendor/cache/gems/actionpack-5.1.4/lib/action_dispatch/middleware/remote_ip.rb:79:in `call'
vendor/cache/gems/actionpack-5.1.4/lib/action_dispatch/middleware/request_id.rb:25:in `call'
vendor/cache/gems/rack-2.0.3/lib/rack/runtime.rb:22:in `call'
vendor/cache/gems/activesupport-5.1.4/lib/active_support/cache/strategy/local_cache_middleware.rb:27:in `call'
vendor/cache/gems/actionpack-5.1.4/lib/action_dispatch/middleware/executor.rb:12:in `call'
vendor/cache/gems/actionpack-5.1.4/lib/action_dispatch/middleware/static.rb:125:in `call'
vendor/cache/gems/rack-2.0.3/lib/rack/sendfile.rb:111:in `call'
vendor/cache/gems/railties-5.1.4/lib/rails/engine.rb:522:in `call'
vendor/cache/gems/puma-3.11.0/lib/puma/configuration.rb:225:in `call'
vendor/cache/gems/puma-3.11.0/lib/puma/server.rb:624:in `handle_request'
vendor/cache/gems/puma-3.11.0/lib/puma/server.rb:438:in `process_client'
vendor/cache/gems/puma-3.11.0/lib/puma/server.rb:302:in `block in run'
vendor/cache/gems/puma-3.11.0/lib/puma/thread_pool.rb:120:in `block in spawn_thread'
Started POST "/registration?email=zz@zz.fr&password=[FILTERED]" for 127.0.0.1 at 2018-01-12 14:51:19 +0100
Processing by RegistrationController#create as */*
  Parameters: {"email"=>"zz@zz.fr", "password"=>"[FILTERED]"}
  [1m[35m (0.0ms)[0m  [1m[36mbegin transaction[0m
  [1m[36mUser Exists (0.0ms)[0m  [1m[34mSELECT  1 AS one FROM "users" WHERE "users"."email" = ? LIMIT ?[0m  [["email", "zz@zz.fr"], ["LIMIT", 1]]
  [1m[35mSQL (0.0ms)[0m  [1m[32mINSERT INTO "users" ("email", "encrypted_password", "created_at", "updated_at") VALUES (?, ?, ?, ?)[0m  [["email", "zz@zz.fr"], ["encrypted_password", "$2a$11$25AEuoF/Byw5gYowcNUZmOBH3j70V4C8UwLAfhci05Jb4DJUn02Ea"], ["created_at", "2018-01-12 13:51:25.991484"], ["updated_at", "2018-01-12 13:51:25.991484"]]
  [1m[35m (125.1ms)[0m  [1m[36mcommit transaction[0m
Completed 201 Created in 6212ms (Views: 0.6ms | ActiveRecord: 127.1ms)


  [1m[36mUser Load (2.0ms)[0m  [1m[34mSELECT  "users".* FROM "users" LIMIT ?[0m  [["LIMIT", 11]]
  [1m[36mUser Load (15.6ms)[0m  [1m[34mSELECT  "users".* FROM "users" LIMIT ?[0m  [["LIMIT", 11]]
